*** PASS proto.arp.inject
*** PASS proto.arp.recv_len
*** PASS proto.arp.reply_captured
*** PASS proto.arp.reply_len
*** PASS proto.arp.reply_dst
*** PASS proto.arp.reply_src
*** PASS proto.arp.reply_op
*** PASS proto.arp.reply_spa
*** PASS proto.arp.reply_tpa
*** PASS proto.icmp.inject
*** PASS proto.icmp.recv_len
*** PASS proto.icmp.reply_captured
*** PASS proto.icmp.reply_len
*** PASS proto.icmp.reply_dst
*** PASS proto.icmp.reply_src
*** PASS proto.icmp.reply_ip_src
*** PASS proto.icmp.reply_ip_dst
*** PASS proto.icmp.reply_type
*** PASS proto.icmp.reply_identifier
*** PASS proto.icmp.reply_sequence
*** PASS proto.icmp.reply_payload
*** PASS proto.icmp.reply_ip_checksum
*** PASS proto.icmp.reply_checksum
*** SUMMARY failures=0
